<?xml version="1.0" encoding="UTF-8"?>
<testsuite name="phonebookframeworklesson16.tests.RegistrationTestsLesson16" tests="1" skipped="0" failures="0" errors="0" timestamp="2022-10-10T21:50:57" hostname="DESKTOP-LV93E0U" time="0.001">
  <properties/>
  <testcase name="testRegistrationPositive" classname="phonebookframeworklesson16.tests.RegistrationTestsLesson16" time="0.001"/>
  <system-out><![CDATA[]]></system-out>
  <system-err><![CDATA[Starting ChromeDriver 106.0.5249.61 (511755355844955cd3e264779baf0dd38212a4d0-refs/branch-heads/5249@{#569}) on port 43123
Only local connections are allowed.
Please see https://chromedriver.chromium.org/security-considerations for suggestions on keeping ChromeDriver safe.
ChromeDriver was started successfully.
???. 10, 2022 11:50:52 PM org.openqa.selenium.remote.ProtocolHandshake createSession
INFO: Detected dialect: W3C
Starting ChromeDriver 106.0.5249.61 (511755355844955cd3e264779baf0dd38212a4d0-refs/branch-heads/5249@{#569}) on port 3784
Only local connections are allowed.
Please see https://chromedriver.chromium.org/security-considerations for suggestions on keeping ChromeDriver safe.
ChromeDriver was started successfully.
???. 10, 2022 11:50:56 PM org.openqa.selenium.remote.ProtocolHandshake createSession
INFO: Detected dialect: W3C
]]></system-err>
</testsuite>
